New log file opened at Sat May 13 17:50:56 IST 2017 by 4791@test-VirtualBox
Sending msg to client activator-aeef3a76-7206-4e8e-997f-5e49fb9a0f64: DetachedLogEvent(LogMessage(debug,sbt server socket logs are in: /home/test/Desktop/AkkaKafkaEg/.sbtserver/connections/master.log))
Sending msg to client activator-aeef3a76-7206-4e8e-997f-5e49fb9a0f64: DetachedLogEvent(LogMessage(debug,sbt client logs are in: /home/test/Desktop/AkkaKafkaEg/.sbtserver/connections/activator-aeef3a76-7206-4e8e-997f-5e49fb9a0f64.log))
Sending msg to client activator-aeef3a76-7206-4e8e-997f-5e49fb9a0f64: DetachedLogEvent(LogMessage(debug,sbt general server logs are in: /home/test/Desktop/AkkaKafkaEg/.sbtserver/master.log))
Reading next message from client.
Got request: ListenToEvents()
Reading next message from client.
Got request: ListenToBuildChange()
Reading next message from client.
Got request: SendSyntheticBuildChanged()
Reading next message from client.
Got request: KeyLookupRequest(discoveredMainClasses)
Reading next message from client.
Sending msg to client activator-aeef3a76-7206-4e8e-997f-5e49fb9a0f64: (3,ReceivedResponse())
Got request: KeyLookupRequest(mainClass)
Reading next message from client.
Sending msg to client activator-aeef3a76-7206-4e8e-997f-5e49fb9a0f64: DetachedLogEvent(LogMessage(debug,> initialize))
Sending msg to client activator-aeef3a76-7206-4e8e-997f-5e49fb9a0f64: DetachedLogEvent(LogMessage(debug,> onFailure load-failed))
Sending msg to client activator-aeef3a76-7206-4e8e-997f-5e49fb9a0f64: DetachedLogEvent(LogMessage(debug,> boot))
Sending msg to client activator-aeef3a76-7206-4e8e-997f-5e49fb9a0f64: DetachedLogEvent(LogMessage(debug,> reload))
Sending msg to client activator-aeef3a76-7206-4e8e-997f-5e49fb9a0f64: DetachedLogEvent(LogMessage(debug,[Loading] Scanning directory /home/test/Desktop/AkkaKafkaEg/project))
Sending msg to client activator-aeef3a76-7206-4e8e-997f-5e49fb9a0f64: DetachedLogEvent(LogMessage(debug,[Loading] Found non-root projects ))
Sending msg to client activator-aeef3a76-7206-4e8e-997f-5e49fb9a0f64: DetachedLogEvent(LogMessage(debug,[Loading] Done in /home/test/Desktop/AkkaKafkaEg/project, returning: ()))
Sending msg to client activator-aeef3a76-7206-4e8e-997f-5e49fb9a0f64: DetachedLogEvent(LogMessage(debug,deducing auto plugins based on known facts Set(Atom(sbt.plugins.CorePlugin)) and clauses Clauses(List(Clause(Atom(sbt.plugins.JvmPlugin),Set(Atom(sbt.plugins.IvyPlugin))), Clause(Atom(sbt.plugins.JUnitXmlReportPlugin),Set(Atom(sbt.plugins.JvmPlugin))), Clause(Atom(sbt.plugins.CorePlugin),Set(Atom(sbt.plugins.IvyPlugin))), Clause(Atom(sbt.plugins.IvyPlugin),Set(Atom(sbt.plugins.JvmPlugin))), Clause(Atom(sbt.plugins.JvmPlugin),Set(Atom(sbt.plugins.JUnitXmlReportPlugin)))))))
Sending msg to client activator-aeef3a76-7206-4e8e-997f-5e49fb9a0f64: DetachedLogEvent(LogMessage(debug,  :: deduced result: Matched(sbt.plugins.CorePlugin,sbt.plugins.IvyPlugin,sbt.plugins.JvmPlugin,sbt.plugins.JUnitXmlReportPlugin)))
Sending msg to client activator-aeef3a76-7206-4e8e-997f-5e49fb9a0f64: DetachedLogEvent(LogMessage(debug,sorting: ns: List(sbt.plugins.CorePlugin, sbt.plugins.IvyPlugin, sbt.plugins.JvmPlugin, sbt.plugins.JUnitXmlReportPlugin)))
Sending msg to client activator-aeef3a76-7206-4e8e-997f-5e49fb9a0f64: DetachedLogEvent(LogMessage(debug,  :: sorting:: found: List(sbt.plugins.CorePlugin) not found List(sbt.plugins.IvyPlugin, sbt.plugins.JvmPlugin, sbt.plugins.JUnitXmlReportPlugin)))
Sending msg to client activator-aeef3a76-7206-4e8e-997f-5e49fb9a0f64: DetachedLogEvent(LogMessage(debug,  :: sorting:: found: List(sbt.plugins.CorePlugin, sbt.plugins.IvyPlugin) not found List(sbt.plugins.JvmPlugin, sbt.plugins.JUnitXmlReportPlugin)))
Sending msg to client activator-aeef3a76-7206-4e8e-997f-5e49fb9a0f64: DetachedLogEvent(LogMessage(debug,  :: sorting:: found: List(sbt.plugins.CorePlugin, sbt.plugins.IvyPlugin, sbt.plugins.JvmPlugin) not found List(sbt.plugins.JUnitXmlReportPlugin)))
Sending msg to client activator-aeef3a76-7206-4e8e-997f-5e49fb9a0f64: DetachedLogEvent(LogMessage(debug,  :: sorting:: found: List(sbt.plugins.CorePlugin, sbt.plugins.IvyPlugin, sbt.plugins.JvmPlugin, sbt.plugins.JUnitXmlReportPlugin) not found List()))
Sending msg to client activator-aeef3a76-7206-4e8e-997f-5e49fb9a0f64: DetachedLogEvent(LogMessage(debug,  :: sorted deduced result: List(sbt.plugins.CorePlugin, sbt.plugins.IvyPlugin, sbt.plugins.JvmPlugin, sbt.plugins.JUnitXmlReportPlugin)))
Sending msg to client activator-aeef3a76-7206-4e8e-997f-5e49fb9a0f64: DetachedLogEvent(LogMessage(debug,[Loading] Done in /home/test/Desktop/AkkaKafkaEg/project, returning: (akkakafkaeg-build)))
Sending msg to client activator-aeef3a76-7206-4e8e-997f-5e49fb9a0f64: DetachedLogEvent(LogMessage(info,Loading project definition from /home/test/Desktop/AkkaKafkaEg/project))
Sending msg to client activator-aeef3a76-7206-4e8e-997f-5e49fb9a0f64: DetachedLogEvent(LogMessage(debug,Running task... Cancel: sbt.TaskCancellationStrategy$Null$@58521892, check cycles: false))
Sending msg to client activator-aeef3a76-7206-4e8e-997f-5e49fb9a0f64: DetachedLogEvent(LogMessage(debug,
Initial source changes: 
	removed:Set()
	added: Set()
	modified: Set()
Removed products: Set()
External API changes: API Changes: Set()
Modified binary dependencies: Set()
Initial directly invalidated sources: Set()

Sources indirectly invalidated by:
	product: Set()
	binary dep: Set()
	external source: Set()))
Sending msg to client activator-aeef3a76-7206-4e8e-997f-5e49fb9a0f64: DetachedLogEvent(LogMessage(debug,All initially invalidated sources: Set()
))
Sending msg to client activator-aeef3a76-7206-4e8e-997f-5e49fb9a0f64: DetachedLogEvent(LogMessage(debug,Copy resource mappings: 
	))
Sending msg to client activator-aeef3a76-7206-4e8e-997f-5e49fb9a0f64: DetachedLogEvent(LogMessage(debug,[Loading] Scanning directory /home/test/Desktop/AkkaKafkaEg))
Sending msg to client activator-aeef3a76-7206-4e8e-997f-5e49fb9a0f64: DetachedLogEvent(LogMessage(debug,[Loading] Found non-root projects ))
Sending msg to client activator-aeef3a76-7206-4e8e-997f-5e49fb9a0f64: DetachedLogEvent(LogMessage(debug,[Loading] Done in /home/test/Desktop/AkkaKafkaEg, returning: ()))
Sending msg to client activator-aeef3a76-7206-4e8e-997f-5e49fb9a0f64: DetachedLogEvent(LogMessage(debug,deducing auto plugins based on known facts Set(Atom(sbt.plugins.CorePlugin)) and clauses Clauses(List(Clause(Atom(sbt.plugins.JvmPlugin),Set(Atom(sbt.plugins.IvyPlugin))), Clause(Atom(sbt.plugins.JUnitXmlReportPlugin),Set(Atom(sbt.plugins.JvmPlugin))), Clause(Atom(sbt.plugins.BackgroundRunPlugin),Set(Atom(sbt.plugins.JvmPlugin))), Clause(Atom(sbt.plugins.CorePlugin),Set(Atom(sbt.plugins.IvyPlugin))), Clause(Atom(sbt.plugins.IvyPlugin),Set(Atom(sbt.plugins.JvmPlugin))), Clause(Atom(sbt.plugins.JvmPlugin),Set(Atom(sbt.plugins.JUnitXmlReportPlugin))), Clause(Atom(sbt.plugins.JvmPlugin),Set(Atom(sbt.plugins.BackgroundRunPlugin))), Clause(Atom(sbt.plugins.CorePlugin),Set(Atom(sbt.plugins.InteractionServicePlugin))), Clause(Atom(sbt.plugins.CorePlugin),Set(Atom(sbt.plugins.SendEventServicePlugin))), Clause(Atom(sbt.plugins.CorePlugin),Set(Atom(sbt.plugins.SerializersPlugin)))))))
Sending msg to client activator-aeef3a76-7206-4e8e-997f-5e49fb9a0f64: DetachedLogEvent(LogMessage(debug,  :: deduced result: Matched(sbt.plugins.CorePlugin,sbt.plugins.SerializersPlugin,sbt.plugins.SendEventServicePlugin,sbt.plugins.InteractionServicePlugin,sbt.plugins.IvyPlugin,sbt.plugins.JvmPlugin,sbt.plugins.BackgroundRunPlugin,sbt.plugins.JUnitXmlReportPlugin)))
Sending msg to client activator-aeef3a76-7206-4e8e-997f-5e49fb9a0f64: DetachedLogEvent(LogMessage(debug,sorting: ns: List(sbt.plugins.CorePlugin, sbt.plugins.SerializersPlugin, sbt.plugins.SendEventServicePlugin, sbt.plugins.InteractionServicePlugin, sbt.plugins.IvyPlugin, sbt.plugins.JvmPlugin, sbt.plugins.BackgroundRunPlugin, sbt.plugins.JUnitXmlReportPlugin)))
Sending msg to client activator-aeef3a76-7206-4e8e-997f-5e49fb9a0f64: DetachedLogEvent(LogMessage(debug,  :: sorting:: found: List(sbt.plugins.CorePlugin) not found List(sbt.plugins.SerializersPlugin, sbt.plugins.SendEventServicePlugin, sbt.plugins.InteractionServicePlugin, sbt.plugins.IvyPlugin, sbt.plugins.JvmPlugin, sbt.plugins.BackgroundRunPlugin, sbt.plugins.JUnitXmlReportPlugin)))
Sending msg to client activator-aeef3a76-7206-4e8e-997f-5e49fb9a0f64: DetachedLogEvent(LogMessage(debug,  :: sorting:: found: List(sbt.plugins.CorePlugin, sbt.plugins.SerializersPlugin, sbt.plugins.SendEventServicePlugin, sbt.plugins.InteractionServicePlugin, sbt.plugins.IvyPlugin) not found List(sbt.plugins.JvmPlugin, sbt.plugins.BackgroundRunPlugin, sbt.plugins.JUnitXmlReportPlugin)))
Sending msg to client activator-aeef3a76-7206-4e8e-997f-5e49fb9a0f64: DetachedLogEvent(LogMessage(debug,  :: sorting:: found: List(sbt.plugins.CorePlugin, sbt.plugins.SerializersPlugin, sbt.plugins.SendEventServicePlugin, sbt.plugins.InteractionServicePlugin, sbt.plugins.IvyPlugin, sbt.plugins.JvmPlugin) not found List(sbt.plugins.BackgroundRunPlugin, sbt.plugins.JUnitXmlReportPlugin)))
Sending msg to client activator-aeef3a76-7206-4e8e-997f-5e49fb9a0f64: DetachedLogEvent(LogMessage(debug,  :: sorting:: found: List(sbt.plugins.CorePlugin, sbt.plugins.SerializersPlugin, sbt.plugins.SendEventServicePlugin, sbt.plugins.InteractionServicePlugin, sbt.plugins.IvyPlugin, sbt.plugins.JvmPlugin, sbt.plugins.BackgroundRunPlugin, sbt.plugins.JUnitXmlReportPlugin) not found List()))
Sending msg to client activator-aeef3a76-7206-4e8e-997f-5e49fb9a0f64: DetachedLogEvent(LogMessage(debug,  :: sorted deduced result: List(sbt.plugins.CorePlugin, sbt.plugins.SerializersPlugin, sbt.plugins.SendEventServicePlugin, sbt.plugins.InteractionServicePlugin, sbt.plugins.IvyPlugin, sbt.plugins.JvmPlugin, sbt.plugins.BackgroundRunPlugin, sbt.plugins.JUnitXmlReportPlugin)))
Sending msg to client activator-aeef3a76-7206-4e8e-997f-5e49fb9a0f64: DetachedLogEvent(LogMessage(debug,[Loading] Done in /home/test/Desktop/AkkaKafkaEg, returning: (akkakafkaeg)))
Sending msg to client activator-aeef3a76-7206-4e8e-997f-5e49fb9a0f64: DetachedLogEvent(LogMessage(info,Set current project to kafka-akka-example (in build file:/home/test/Desktop/AkkaKafkaEg/)))
Sending msg to client activator-aeef3a76-7206-4e8e-997f-5e49fb9a0f64: DetachedLogEvent(LogMessage(info,Reapplying settings...))
Sending msg to client activator-aeef3a76-7206-4e8e-997f-5e49fb9a0f64: DetachedLogEvent(LogMessage(info,Set current project to kafka-akka-example (in build file:/home/test/Desktop/AkkaKafkaEg/)))
Sending msg to client activator-aeef3a76-7206-4e8e-997f-5e49fb9a0f64: DetachedLogEvent(LogMessage(debug,> iflast shell))
Sending msg to client activator-aeef3a76-7206-4e8e-997f-5e49fb9a0f64: DetachedLogEvent(LogMessage(debug,> server-send-ready-for-request))
Sending msg to client activator-aeef3a76-7206-4e8e-997f-5e49fb9a0f64: BuildLoaded()
Sending msg to client activator-aeef3a76-7206-4e8e-997f-5e49fb9a0f64: DetachedLogEvent(LogMessage(debug,> server-handle-next-server-request))
Sending msg to client activator-aeef3a76-7206-4e8e-997f-5e49fb9a0f64: (4,ReceivedResponse())
Sending msg to client activator-aeef3a76-7206-4e8e-997f-5e49fb9a0f64: BuildStructureChanged(MinimalBuildStructure(Vector(file:/home/test/Desktop/AkkaKafkaEg/),Vector(BuildData(file:/home/test/Desktop/AkkaKafkaEg/,Vector(/home/test/Desktop/AkkaKafkaEg/project/target/scala-2.10/sbt-0.13/classes, /home/test/.ivy2/cache/scala_2.10/sbt_0.13/com.github.mpeltonen/sbt-idea/jars/sbt-idea-1.6.0.jar, /home/test/.ivy2/cache/commons-io/commons-io/jars/commons-io-2.0.1.jar, /home/test/.ivy2/cache/scala_2.10/sbt_0.13/org.scala-sbt/sbt-core-next/jars/sbt-core-next-0.1.1.jar, /home/test/.ivy2/cache/org.scala-sbt/core-next_2.10/jars/core-next_2.10-0.1.1.jar, /home/test/.sbt/boot/scala-2.10.4/lib/scala-library.jar, /home/test/.ivy2/cache/org.scala-sbt/serialization_2.10/jars/serialization_2.10-0.1.0.jar, /home/test/.ivy2/cache/org.scala-lang.modules/scala-pickling_2.10/jars/scala-pickling_2.10-0.10.0.jar, /home/test/.sbt/boot/scala-2.10.4/lib/scala-compiler.jar, /home/test/.sbt/boot/scala-2.10.4/lib/scala-reflect.jar, /home/test/.ivy2/cache/org.scalamacros/quasiquotes_2.10/jars/quasiquotes_2.10-2.0.1.jar, /home/test/.ivy2/cache/org.json4s/json4s-core_2.10/jars/json4s-core_2.10-3.2.10.jar, /home/test/.ivy2/cache/org.json4s/json4s-ast_2.10/jars/json4s-ast_2.10-3.2.10.jar, /home/test/.ivy2/cache/com.thoughtworks.paranamer/paranamer/jars/paranamer-2.6.jar, /home/test/.ivy2/cache/org.spire-math/jawn-parser_2.10/jars/jawn-parser_2.10-0.6.0.jar, /home/test/.ivy2/cache/org.spire-math/json4s-support_2.10/jars/json4s-support_2.10-0.6.0.jar, /home/test/.sbt/boot/scala-2.10.4/com.typesafe.sbtrc/server-0-13/0.3.5/cache-0.13.8.jar, /home/test/.sbt/boot/scala-2.10.4/com.typesafe.sbtrc/server-0-13/0.3.5/api-0.13.8.jar, /home/test/.sbt/boot/scala-2.10.4/com.typesafe.sbtrc/server-0-13/0.3.5/scala-reflect-2.10.4.jar, /home/test/.sbt/boot/scala-2.10.4/com.typesafe.sbtrc/server-0-13/0.3.5/tracking-0.13.8.jar, /home/test/.sbt/boot/scala-2.10.4/com.typesafe.sbtrc/server-0-13/0.3.5/process-0.13.8.jar, /home/test/.sbt/boot/scala-2.10.4/com.typesafe.sbtrc/server-0-13/0.3.5/json4s-support_2.10-0.6.0.jar, /home/test/.sbt/boot/scala-2.10.4/com.typesafe.sbtrc/server-0-13/0.3.5/testing-0.13.8.jar, /home/test/.sbt/boot/scala-2.10.4/com.typesafe.sbtrc/server-0-13/0.3.5/paranamer-2.6.jar, /home/test/.sbt/boot/scala-2.10.4/com.typesafe.sbtrc/server-0-13/0.3.5/tasks-0.13.8.jar, /home/test/.sbt/boot/scala-2.10.4/com.typesafe.sbtrc/server-0-13/0.3.5/incremental-compiler-0.13.8.jar, /home/test/.sbt/boot/scala-2.10.4/com.typesafe.sbtrc/server-0-13/0.3.5/logging-0.13.8.jar, /home/test/.sbt/boot/scala-2.10.4/com.typesafe.sbtrc/server-0-13/0.3.5/completion-0.13.8.jar, /home/test/.sbt/boot/scala-2.10.4/com.typesafe.sbtrc/server-0-13/0.3.5/test-interface-1.0.jar, /home/test/.sbt/boot/scala-2.10.4/com.typesafe.sbtrc/server-0-13/0.3.5/persist-0.13.8.jar, /home/test/.sbt/boot/scala-2.10.4/com.typesafe.sbtrc/server-0-13/0.3.5/compiler-ivy-integration-0.13.8.jar, /home/test/.sbt/boot/scala-2.10.4/com.typesafe.sbtrc/server-0-13/0.3.5/core-next_2.10-0.1.1.jar, /home/test/.sbt/boot/scala-2.10.4/com.typesafe.sbtrc/server-0-13/0.3.5/quasiquotes_2.10-2.0.1.jar, /home/test/.sbt/boot/scala-2.10.4/com.typesafe.sbtrc/server-0-13/0.3.5/sbt-0.13.8.jar, /home/test/.sbt/boot/scala-2.10.4/com.typesafe.sbtrc/server-0-13/0.3.5/launcher-interface-0.13.8.jar, /home/test/.sbt/boot/scala-2.10.4/com.typesafe.sbtrc/server-0-13/0.3.5/task-system-0.13.8.jar, /home/test/.sbt/boot/scala-2.10.4/com.typesafe.sbtrc/server-0-13/0.3.5/relation-0.13.8.jar, /home/test/.sbt/boot/scala-2.10.4/com.typesafe.sbtrc/server-0-13/0.3.5/serialization_2.10-0.1.1.jar, /home/test/.sbt/boot/scala-2.10.4/com.typesafe.sbtrc/server-0-13/0.3.5/run-0.13.8.jar, /home/test/.sbt/boot/scala-2.10.4/com.typesafe.sbtrc/server-0-13/0.3.5/io-0.13.8.jar, /home/test/.sbt/boot/scala-2.10.4/com.typesafe.sbtrc/server-0-13/0.3.5/ivy-2.3.0-sbt-fccfbd44c9f64523b61398a0155784dcbaeae28f.jar, /home/test/.sbt/boot/scala-2.10.4/com.typesafe.sbtrc/server-0-13/0.3.5/jsch-0.1.46.jar, /home/test/.sbt/boot/scala-2.10.4/com.typesafe.sbtrc/server-0-13/0.3.5/classfile-0.13.8.jar, /home/test/.sbt/boot/scala-2.10.4/com.typesafe.sbtrc/server-0-13/0.3.5/apply-macro-0.13.8.jar, /home/test/.sbt/boot/scala-2.10.4/com.typesafe.sbtrc/server-0-13/0.3.5/ivy-0.13.8.jar, /home/test/.sbt/boot/scala-2.10.4/com.typesafe.sbtrc/server-0-13/0.3.5/sbinary_2.10-0.4.2.jar, /home/test/.sbt/boot/scala-2.10.4/com.typesafe.sbtrc/server-0-13/0.3.5/command-0.13.8.jar, /home/test/.sbt/boot/scala-2.10.4/com.typesafe.sbtrc/server-0-13/0.3.5/server-0-13-0.3.5.jar, /home/test/.sbt/boot/scala-2.10.4/com.typesafe.sbtrc/server-0-13/0.3.5/cross-0.13.8.jar, /home/test/.sbt/boot/scala-2.10.4/com.typesafe.sbtrc/server-0-13/0.3.5/jawn-parser_2.10-0.6.0.jar, /home/test/.sbt/boot/scala-2.10.4/com.typesafe.sbtrc/server-0-13/0.3.5/jline-2.11.jar, /home/test/.sbt/boot/scala-2.10.4/com.typesafe.sbtrc/server-0-13/0.3.5/compile-0.13.8.jar, /home/test/.sbt/boot/scala-2.10.4/com.typesafe.sbtrc/server-0-13/0.3.5/main-settings-0.13.8.jar, /home/test/.sbt/boot/scala-2.10.4/com.typesafe.sbtrc/server-0-13/0.3.5/logic-0.13.8.jar, /home/test/.sbt/boot/scala-2.10.4/com.typesafe.sbtrc/server-0-13/0.3.5/compiler-integration-0.13.8.jar, /home/test/.sbt/boot/scala-2.10.4/com.typesafe.sbtrc/server-0-13/0.3.5/classpath-0.13.8.jar, /home/test/.sbt/boot/scala-2.10.4/com.typesafe.sbtrc/server-0-13/0.3.5/actions-0.13.8.jar, /home/test/.sbt/boot/scala-2.10.4/com.typesafe.sbtrc/server-0-13/0.3.5/collections-0.13.8.jar, /home/test/.sbt/boot/scala-2.10.4/com.typesafe.sbtrc/server-0-13/0.3.5/json4s-ast_2.10-3.2.10.jar, /home/test/.sbt/boot/scala-2.10.4/com.typesafe.sbtrc/server-0-13/0.3.5/scala-pickling_2.10-0.10.0.jar, /home/test/.sbt/boot/scala-2.10.4/com.typesafe.sbtrc/server-0-13/0.3.5/test-agent-0.13.8.jar, /home/test/.sbt/boot/scala-2.10.4/com.typesafe.sbtrc/server-0-13/0.3.5/main-0.13.8.jar, /home/test/.sbt/boot/scala-2.10.4/com.typesafe.sbtrc/server-0-13/0.3.5/json4s-core_2.10-3.2.10.jar, /home/test/.sbt/boot/scala-2.10.4/com.typesafe.sbtrc/server-0-13/0.3.5/control-0.13.8.jar, /home/test/.sbt/boot/scala-2.10.4/com.typesafe.sbtrc/server-0-13/0.3.5/xsbti/interface-0.13.8.jar, /home/test/.sbt/boot/scala-2.10.4/lib/jansi.jar, /home/test/.sbt/boot/scala-2.10.4/lib/jline.jar),Vector(import sbt._, Keys._, dsl._, import _root_.org.sbtidea.SbtIdeaPlugin._, import _root_.sbt.plugins.IvyPlugin, _root_.sbt.plugins.JvmPlugin, _root_.sbt.plugins.CorePlugin, _root_.sbt.plugins.JUnitXmlReportPlugin, _root_.sbt.plugins.BackgroundRunPlugin, _root_.sbt.plugins.InteractionServicePlugin, _root_.sbt.plugins.SendEventServicePlugin, _root_.sbt.plugins.SerializersPlugin))),Vector(MinimalProjectStructure(ProjectReference(file:/home/test/Desktop/AkkaKafkaEg/,akkakafkaeg),Vector(sbt.plugins.CorePlugin, sbt.plugins.SerializersPlugin, sbt.plugins.SendEventServicePlugin, sbt.plugins.InteractionServicePlugin, sbt.plugins.IvyPlugin, sbt.plugins.JvmPlugin, sbt.plugins.BackgroundRunPlugin, sbt.plugins.JUnitXmlReportPlugin),Some(ProjectDependencies(List(),List()))))))
Sending msg to client activator-aeef3a76-7206-4e8e-997f-5e49fb9a0f64: (6,KeyLookupResponse(discoveredMainClasses,Vector(AttributeKey[scala.collection.Seq[java.lang.String]]("discoveredMainClasses") in Scope(Build: file:/home/test/Desktop/AkkaKafkaEg/, , Project: ProjectReference(file:/home/test/Desktop/AkkaKafkaEg/,akkakafkaeg), Config: compile))))
Sending msg to client activator-aeef3a76-7206-4e8e-997f-5e49fb9a0f64: (7,KeyLookupResponse(mainClass,Vector(AttributeKey[scala.Option[java.lang.String]]("mainClass") in Scope(Build: file:/home/test/Desktop/AkkaKafkaEg/, , Project: ProjectReference(file:/home/test/Desktop/AkkaKafkaEg/,akkakafkaeg), Config: compile))))
Got request: KeyLookupRequest(discoveredMainClasses)
Reading next message from client.
Sending msg to client activator-aeef3a76-7206-4e8e-997f-5e49fb9a0f64: (8,KeyLookupResponse(discoveredMainClasses,Vector(AttributeKey[scala.collection.Seq[java.lang.String]]("discoveredMainClasses") in Scope(Build: file:/home/test/Desktop/AkkaKafkaEg/, , Project: ProjectReference(file:/home/test/Desktop/AkkaKafkaEg/,akkakafkaeg), Config: compile))))
Got request: KeyLookupRequest(mainClass)
Reading next message from client.
Sending msg to client activator-aeef3a76-7206-4e8e-997f-5e49fb9a0f64: (9,KeyLookupResponse(mainClass,Vector(AttributeKey[scala.Option[java.lang.String]]("mainClass") in Scope(Build: file:/home/test/Desktop/AkkaKafkaEg/, , Project: ProjectReference(file:/home/test/Desktop/AkkaKafkaEg/,akkakafkaeg), Config: compile))))
Got request: ListenToValue(AttributeKey[scala.collection.Seq[java.lang.String]]("discoveredMainClasses") in Scope(Build: file:/home/test/Desktop/AkkaKafkaEg/, , Project: ProjectReference(file:/home/test/Desktop/AkkaKafkaEg/,akkakafkaeg), Config: compile))
Reading next message from client.
Got request: SendSyntheticValueChanged(AttributeKey[scala.collection.Seq[java.lang.String]]("discoveredMainClasses") in Scope(Build: file:/home/test/Desktop/AkkaKafkaEg/, , Project: ProjectReference(file:/home/test/Desktop/AkkaKafkaEg/,akkakafkaeg), Config: compile))
Reading next message from client.
Got request: ListenToValue(AttributeKey[scala.Option[java.lang.String]]("mainClass") in Scope(Build: file:/home/test/Desktop/AkkaKafkaEg/, , Project: ProjectReference(file:/home/test/Desktop/AkkaKafkaEg/,akkakafkaeg), Config: compile))
Reading next message from client.
Got request: SendSyntheticValueChanged(AttributeKey[scala.Option[java.lang.String]]("mainClass") in Scope(Build: file:/home/test/Desktop/AkkaKafkaEg/, , Project: ProjectReference(file:/home/test/Desktop/AkkaKafkaEg/,akkakafkaeg), Config: compile))
Reading next message from client.
Sending msg to client activator-aeef3a76-7206-4e8e-997f-5e49fb9a0f64: (10,ReceivedResponse())
Sending msg to client activator-aeef3a76-7206-4e8e-997f-5e49fb9a0f64: ExecutionWaiting(1,{file:/home/test/Desktop/AkkaKafkaEg/}akkakafkaeg/compile:discoveredMainClasses,ClientInfo(aeef3a76-7206-4e8e-997f-5e49fb9a0f64,activator,Activator,3,Vector()))
Sending msg to client activator-aeef3a76-7206-4e8e-997f-5e49fb9a0f64: ExecutionStarting(1)
Sending msg to client activator-aeef3a76-7206-4e8e-997f-5e49fb9a0f64: DetachedLogEvent(LogMessage(debug,> {file:/home/test/Desktop/AkkaKafkaEg/}akkakafkaeg/compile:discoveredMainClasses))
Sending msg to client activator-aeef3a76-7206-4e8e-997f-5e49fb9a0f64: (11,ReceivedResponse())
Sending msg to client activator-aeef3a76-7206-4e8e-997f-5e49fb9a0f64: (12,ReceivedResponse())
Sending msg to client activator-aeef3a76-7206-4e8e-997f-5e49fb9a0f64: ExecutionWaiting(2,{file:/home/test/Desktop/AkkaKafkaEg/}akkakafkaeg/compile:mainClass,ClientInfo(aeef3a76-7206-4e8e-997f-5e49fb9a0f64,activator,Activator,3,Vector()))
Sending msg to client activator-aeef3a76-7206-4e8e-997f-5e49fb9a0f64: (13,ReceivedResponse())
Sending msg to client activator-aeef3a76-7206-4e8e-997f-5e49fb9a0f64: ExecutionWaiting(3,{file:/home/test/Desktop/AkkaKafkaEg/}akkakafkaeg/compile:discoveredMainClasses,ClientInfo(9192dda9-7cd5-45c9-82f5-0629df4cdeea,activator,Activator,3,Vector()))
Sending msg to client activator-aeef3a76-7206-4e8e-997f-5e49fb9a0f64: DetachedLogEvent(LogMessage(debug,Evaluating tasks: compile:discoveredMainClasses))
Sending msg to client activator-aeef3a76-7206-4e8e-997f-5e49fb9a0f64: DetachedLogEvent(LogMessage(debug,Running task... Cancel: sbt.server.ServerTaskCancellation@53c1a47e, check cycles: false))
Sending msg to client activator-aeef3a76-7206-4e8e-997f-5e49fb9a0f64: DetachedLogEvent(LogMessage(debug,cancel strategy start enabled=true lastCommand=Some(LastCommand(CommandExecutionWork(ExecutionId(1),{file:/home/test/Desktop/AkkaKafkaEg/}akkakafkaeg/compile:discoveredMainClasses,Set(LiveClient(activator aeef3a76-7206-4e8e-997f-5e49fb9a0f64)),sbt.server.WorkCancellationStatus$$anon$1@30c1b83a)))))
Sending msg to client activator-aeef3a76-7206-4e8e-997f-5e49fb9a0f64: TaskStarted(1,8,None)
Sending msg to client activator-aeef3a76-7206-4e8e-997f-5e49fb9a0f64: TaskStarted(1,14,None)
Sending msg to client activator-aeef3a76-7206-4e8e-997f-5e49fb9a0f64: TaskStarted(1,17,None)
Sending msg to client activator-aeef3a76-7206-4e8e-997f-5e49fb9a0f64: TaskStarted(1,21,Some(AttributeKey[boolean]("skip") in Scope(Global)))
Sending msg to client activator-aeef3a76-7206-4e8e-997f-5e49fb9a0f64: TaskStarted(1,23,None)
Sending msg to client activator-aeef3a76-7206-4e8e-997f-5e49fb9a0f64: TaskStarted(1,24,None)
Sending msg to client activator-aeef3a76-7206-4e8e-997f-5e49fb9a0f64: TaskStarted(1,31,Some(AttributeKey[scala.collection.Seq[sbt.Credentials]]("credentials") in Scope(Global)))
Sending msg to client activator-aeef3a76-7206-4e8e-997f-5e49fb9a0f64: TaskStarted(1,35,Some(AttributeKey[scala.collection.Seq[sbt.Resolver]]("externalResolvers") in Scope(Build: file:/home/test/Desktop/AkkaKafkaEg/, , Project: ProjectReference(file:/home/test/Desktop/AkkaKafkaEg/,akkakafkaeg))))
Sending msg to client activator-aeef3a76-7206-4e8e-997f-5e49fb9a0f64: TaskStarted(1,39,Some(AttributeKey[scala.Option[scala.collection.Seq[sbt.Resolver]]]("bootResolvers") in Scope(Build: file:/home/test/Desktop/AkkaKafkaEg/, , Project: ProjectReference(file:/home/test/Desktop/AkkaKafkaEg/,akkakafkaeg))))
Sending msg to client activator-aeef3a76-7206-4e8e-997f-5e49fb9a0f64: TaskStarted(1,42,None)
Sending msg to client activator-aeef3a76-7206-4e8e-997f-5e49fb9a0f64: TaskStarted(1,43,None)
Sending msg to client activator-aeef3a76-7206-4e8e-997f-5e49fb9a0f64: TaskStarted(1,47,Some(AttributeKey[java.lang.String]("updateCacheName") in Scope(Build: file:/home/test/Desktop/AkkaKafkaEg/, , Project: ProjectReference(file:/home/test/Desktop/AkkaKafkaEg/,akkakafkaeg))))
Sending msg to client activator-aeef3a76-7206-4e8e-997f-5e49fb9a0f64: TaskStarted(1,49,Some(AttributeKey[scala.collection.Seq[java.lang.String]]("scalacOptions") in Scope(Global)))
Sending msg to client activator-aeef3a76-7206-4e8e-997f-5e49fb9a0f64: TaskStarted(1,52,Some(AttributeKey[scala.Function1[java.io.File,scala.Function1[java.lang.String,boolean]]]("definesClass") in Scope(Global)))
Sending msg to client activator-aeef3a76-7206-4e8e-997f-5e49fb9a0f64: TaskStarted(1,56,Some(AttributeKey[sbt.inc.IncOptions]("incOptions") in Scope(Global)))
Sending msg to client activator-aeef3a76-7206-4e8e-997f-5e49fb9a0f64: TaskStarted(1,57,Some(AttributeKey[java.lang.String]("compileAnalysisFilename") in Scope(Build: file:/home/test/Desktop/AkkaKafkaEg/, , Project: ProjectReference(file:/home/test/Desktop/AkkaKafkaEg/,akkakafkaeg), Config: compile)))
Sending msg to client activator-aeef3a76-7206-4e8e-997f-5e49fb9a0f64: TaskStarted(1,67,None)
Sending msg to client activator-aeef3a76-7206-4e8e-997f-5e49fb9a0f64: TaskStarted(1,77,None)
Sending msg to client activator-aeef3a76-7206-4e8e-997f-5e49fb9a0f64: TaskStarted(1,79,Some(AttributeKey[scala.collection.Seq[java.io.File]]("unmanagedSources") in Scope(Build: file:/home/test/Desktop/AkkaKafkaEg/, , Project: ProjectReference(file:/home/test/Desktop/AkkaKafkaEg/,akkakafkaeg), Config: compile)))
Sending msg to client activator-aeef3a76-7206-4e8e-997f-5e49fb9a0f64: TaskStarted(1,80,Some(AttributeKey[scala.collection.Seq[scala.Function1[xsbti.Position,scala.Option[xsbti.Position]]]]("sourcePositionMappers") in Scope(Global)))
Sending msg to client activator-aeef3a76-7206-4e8e-997f-5e49fb9a0f64: TaskStarted(1,82,Some(AttributeKey[scala.collection.Seq[java.lang.String]]("javacOptions") in Scope(Global)))
Sending msg to client activator-aeef3a76-7206-4e8e-997f-5e49fb9a0f64: TaskStarted(1,83,Some(AttributeKey[sbt.SendEventService]("sendEventService") in Scope(Global)))
Sending msg to client activator-aeef3a76-7206-4e8e-997f-5e49fb9a0f64: TaskFinished(1,8,None,true,None)
Sending msg to client activator-aeef3a76-7206-4e8e-997f-5e49fb9a0f64: TaskStarted(1,7,None)
Sending msg to client activator-aeef3a76-7206-4e8e-997f-5e49fb9a0f64: TaskStarted(1,12,None)
Sending msg to client activator-aeef3a76-7206-4e8e-997f-5e49fb9a0f64: TaskStarted(1,33,None)
Sending msg to client activator-aeef3a76-7206-4e8e-997f-5e49fb9a0f64: TaskStarted(1,38,None)
Sending msg to client activator-aeef3a76-7206-4e8e-997f-5e49fb9a0f64: TaskStarted(1,40,None)
Sending msg to client activator-aeef3a76-7206-4e8e-997f-5e49fb9a0f64: TaskStarted(1,46,None)
Sending msg to client activator-aeef3a76-7206-4e8e-997f-5e49fb9a0f64: TaskStarted(1,48,None)
Sending msg to client activator-aeef3a76-7206-4e8e-997f-5e49fb9a0f64: TaskStarted(1,54,None)
Sending msg to client activator-aeef3a76-7206-4e8e-997f-5e49fb9a0f64: TaskStarted(1,59,None)
Sending msg to client activator-aeef3a76-7206-4e8e-997f-5e49fb9a0f64: TaskStarted(1,64,None)
Sending msg to client activator-aeef3a76-7206-4e8e-997f-5e49fb9a0f64: TaskStarted(1,70,None)
Sending msg to client activator-aeef3a76-7206-4e8e-997f-5e49fb9a0f64: TaskStarted(1,71,None)
Sending msg to client activator-aeef3a76-7206-4e8e-997f-5e49fb9a0f64: TaskStarted(1,74,None)
Sending msg to client activator-aeef3a76-7206-4e8e-997f-5e49fb9a0f64: TaskStarted(1,81,None)
Sending msg to client activator-aeef3a76-7206-4e8e-997f-5e49fb9a0f64: TaskStarted(1,84,None)
Sending msg to client activator-aeef3a76-7206-4e8e-997f-5e49fb9a0f64: TaskFinished(1,17,None,true,None)
Sending msg to client activator-aeef3a76-7206-4e8e-997f-5e49fb9a0f64: TaskStarted(1,16,Some(AttributeKey[sbt.BuildStructure]("buildStructure") in Scope(Global)))
Sending msg to client activator-aeef3a76-7206-4e8e-997f-5e49fb9a0f64: TaskStarted(1,25,Some(AttributeKey[java.io.File]("dependencyCacheDirectory") in Scope(Build: file:/home/test/Desktop/AkkaKafkaEg/, , Project: ProjectReference(file:/home/test/Desktop/AkkaKafkaEg/,akkakafkaeg))))
Sending msg to client activator-aeef3a76-7206-4e8e-997f-5e49fb9a0f64: TaskStarted(1,53,Some(AttributeKey[xsbti.compile.GlobalsCache]("compilerCache") in Scope(Global)))
Sending msg to client activator-aeef3a76-7206-4e8e-997f-5e49fb9a0f64: TaskFinished(1,14,None,true,None)
Sending msg to client activator-aeef3a76-7206-4e8e-997f-5e49fb9a0f64: TaskFinished(1,23,None,true,None)
Sending msg to client activator-aeef3a76-7206-4e8e-997f-5e49fb9a0f64: TaskFinished(1,21,Some(AttributeKey[boolean]("skip") in Scope(Global)),true,None)
Sending msg to client activator-aeef3a76-7206-4e8e-997f-5e49fb9a0f64: TaskFinished(1,31,Some(AttributeKey[scala.collection.Seq[sbt.Credentials]]("credentials") in Scope(Global)),true,None)
Sending msg to client activator-aeef3a76-7206-4e8e-997f-5e49fb9a0f64: TaskFinished(1,35,Some(AttributeKey[scala.collection.Seq[sbt.Resolver]]("externalResolvers") in Scope(Build: file:/home/test/Desktop/AkkaKafkaEg/, , Project: ProjectReference(file:/home/test/Desktop/AkkaKafkaEg/,akkakafkaeg))),true,None)
Sending msg to client activator-aeef3a76-7206-4e8e-997f-5e49fb9a0f64: TaskFinished(1,39,Some(AttributeKey[scala.Option[scala.collection.Seq[sbt.Resolver]]]("bootResolvers") in Scope(Build: file:/home/test/Desktop/AkkaKafkaEg/, , Project: ProjectReference(file:/home/test/Desktop/AkkaKafkaEg/,akkakafkaeg))),true,None)
Sending msg to client activator-aeef3a76-7206-4e8e-997f-5e49fb9a0f64: TaskFinished(1,24,None,true,None)
Sending msg to client activator-aeef3a76-7206-4e8e-997f-5e49fb9a0f64: TaskStarted(1,22,Some(AttributeKey[scala.collection.Seq[sbt.UpdateReport]]("transitiveUpdate") in Scope(Build: file:/home/test/Desktop/AkkaKafkaEg/, , Project: ProjectReference(file:/home/test/Desktop/AkkaKafkaEg/,akkakafkaeg))))
Sending msg to client activator-aeef3a76-7206-4e8e-997f-5e49fb9a0f64: TaskFinished(1,42,None,true,None)
Sending msg to client activator-aeef3a76-7206-4e8e-997f-5e49fb9a0f64: TaskFinished(1,43,None,true,None)
Sending msg to client activator-aeef3a76-7206-4e8e-997f-5e49fb9a0f64: TaskFinished(1,47,Some(AttributeKey[java.lang.String]("updateCacheName") in Scope(Build: file:/home/test/Desktop/AkkaKafkaEg/, , Project: ProjectReference(file:/home/test/Desktop/AkkaKafkaEg/,akkakafkaeg))),true,None)
Sending msg to client activator-aeef3a76-7206-4e8e-997f-5e49fb9a0f64: TaskFinished(1,49,Some(AttributeKey[scala.collection.Seq[java.lang.String]]("scalacOptions") in Scope(Global)),true,None)
Sending msg to client activator-aeef3a76-7206-4e8e-997f-5e49fb9a0f64: TaskFinished(1,52,Some(AttributeKey[scala.Function1[java.io.File,scala.Function1[java.lang.String,boolean]]]("definesClass") in Scope(Global)),true,None)
Sending msg to client activator-aeef3a76-7206-4e8e-997f-5e49fb9a0f64: TaskFinished(1,56,Some(AttributeKey[sbt.inc.IncOptions]("incOptions") in Scope(Global)),true,None)
Sending msg to client activator-aeef3a76-7206-4e8e-997f-5e49fb9a0f64: TaskStarted(1,55,Some(AttributeKey[sbt.inc.IncOptions]("incOptions") in Scope(Build: file:/home/test/Desktop/AkkaKafkaEg/, , Project: ProjectReference(file:/home/test/Desktop/AkkaKafkaEg/,akkakafkaeg))))
Sending msg to client activator-aeef3a76-7206-4e8e-997f-5e49fb9a0f64: TaskFinished(1,57,Some(AttributeKey[java.lang.String]("compileAnalysisFilename") in Scope(Build: file:/home/test/Desktop/AkkaKafkaEg/, , Project: ProjectReference(file:/home/test/Desktop/AkkaKafkaEg/,akkakafkaeg), Config: compile)),true,None)
Sending msg to client activator-aeef3a76-7206-4e8e-997f-5e49fb9a0f64: TaskFinished(1,67,None,true,None)
Sending msg to client activator-aeef3a76-7206-4e8e-997f-5e49fb9a0f64: TaskFinished(1,77,None,true,None)
Sending msg to client activator-aeef3a76-7206-4e8e-997f-5e49fb9a0f64: TaskStarted(1,76,Some(AttributeKey[scala.collection.Seq[java.io.File]]("managedSources") in Scope(Build: file:/home/test/Desktop/AkkaKafkaEg/, , Project: ProjectReference(file:/home/test/Desktop/AkkaKafkaEg/,akkakafkaeg), Config: compile)))
Sending msg to client activator-aeef3a76-7206-4e8e-997f-5e49fb9a0f64: TaskFinished(1,79,Some(AttributeKey[scala.collection.Seq[java.io.File]]("unmanagedSources") in Scope(Build: file:/home/test/Desktop/AkkaKafkaEg/, , Project: ProjectReference(file:/home/test/Desktop/AkkaKafkaEg/,akkakafkaeg), Config: compile)),true,None)
Sending msg to client activator-aeef3a76-7206-4e8e-997f-5e49fb9a0f64: TaskStarted(1,78,Some(AttributeKey[scala.collection.Seq[java.io.File]]("unmanagedSources") in Scope(Build: file:/home/test/Desktop/AkkaKafkaEg/, , Project: ProjectReference(file:/home/test/Desktop/AkkaKafkaEg/,akkakafkaeg), Config: compile)))
Sending msg to client activator-aeef3a76-7206-4e8e-997f-5e49fb9a0f64: TaskFinished(1,80,Some(AttributeKey[scala.collection.Seq[scala.Function1[xsbti.Position,scala.Option[xsbti.Position]]]]("sourcePositionMappers") in Scope(Global)),true,None)
Sending msg to client activator-aeef3a76-7206-4e8e-997f-5e49fb9a0f64: TaskFinished(1,82,Some(AttributeKey[scala.collection.Seq[java.lang.String]]("javacOptions") in Scope(Global)),true,None)
Sending msg to client activator-aeef3a76-7206-4e8e-997f-5e49fb9a0f64: TaskFinished(1,83,Some(AttributeKey[sbt.SendEventService]("sendEventService") in Scope(Global)),true,None)
Sending msg to client activator-aeef3a76-7206-4e8e-997f-5e49fb9a0f64: TaskFinished(1,7,None,true,None)
Sending msg to client activator-aeef3a76-7206-4e8e-997f-5e49fb9a0f64: TaskFinished(1,12,None,true,None)
Sending msg to client activator-aeef3a76-7206-4e8e-997f-5e49fb9a0f64: TaskFinished(1,33,None,true,None)
Sending msg to client activator-aeef3a76-7206-4e8e-997f-5e49fb9a0f64: TaskFinished(1,38,None,true,None)
Sending msg to client activator-aeef3a76-7206-4e8e-997f-5e49fb9a0f64: TaskFinished(1,40,None,true,None)
Sending msg to client activator-aeef3a76-7206-4e8e-997f-5e49fb9a0f64: TaskFinished(1,46,None,true,None)
Sending msg to client activator-aeef3a76-7206-4e8e-997f-5e49fb9a0f64: TaskStarted(1,45,Some(AttributeKey[scala.collection.immutable.Map[sbt.ModuleID,sbt.SourcePosition]]("dependencyPositions") in Scope(Build: file:/home/test/Desktop/AkkaKafkaEg/, , Project: ProjectReference(file:/home/test/Desktop/AkkaKafkaEg/,akkakafkaeg))))
Sending msg to client activator-aeef3a76-7206-4e8e-997f-5e49fb9a0f64: TaskFinished(1,48,None,true,None)
Sending msg to client activator-aeef3a76-7206-4e8e-997f-5e49fb9a0f64: TaskFinished(1,54,None,true,None)
Sending msg to client activator-aeef3a76-7206-4e8e-997f-5e49fb9a0f64: TaskFinished(1,59,None,true,None)
Sending msg to client activator-aeef3a76-7206-4e8e-997f-5e49fb9a0f64: TaskFinished(1,64,None,true,None)
Sending msg to client activator-aeef3a76-7206-4e8e-997f-5e49fb9a0f64: TaskFinished(1,70,None,true,None)
Sending msg to client activator-aeef3a76-7206-4e8e-997f-5e49fb9a0f64: TaskFinished(1,71,None,true,None)
Sending msg to client activator-aeef3a76-7206-4e8e-997f-5e49fb9a0f64: TaskFinished(1,74,None,true,None)
Sending msg to client activator-aeef3a76-7206-4e8e-997f-5e49fb9a0f64: TaskFinished(1,81,None,true,None)
Sending msg to client activator-aeef3a76-7206-4e8e-997f-5e49fb9a0f64: TaskFinished(1,84,None,true,None)
Sending msg to client activator-aeef3a76-7206-4e8e-997f-5e49fb9a0f64: TaskFinished(1,16,Some(AttributeKey[sbt.BuildStructure]("buildStructure") in Scope(Global)),true,None)
Sending msg to client activator-aeef3a76-7206-4e8e-997f-5e49fb9a0f64: TaskStarted(1,15,Some(AttributeKey[sbt.Settings[sbt.Scope]]("settingsData") in Scope(Global)))
Sending msg to client activator-aeef3a76-7206-4e8e-997f-5e49fb9a0f64: TaskFinished(1,25,Some(AttributeKey[java.io.File]("dependencyCacheDirectory") in Scope(Build: file:/home/test/Desktop/AkkaKafkaEg/, , Project: ProjectReference(file:/home/test/Desktop/AkkaKafkaEg/,akkakafkaeg))),true,None)
Sending msg to client activator-aeef3a76-7206-4e8e-997f-5e49fb9a0f64: TaskFinished(1,53,Some(AttributeKey[xsbti.compile.GlobalsCache]("compilerCache") in Scope(Global)),true,None)
Sending msg to client activator-aeef3a76-7206-4e8e-997f-5e49fb9a0f64: TaskFinished(1,22,Some(AttributeKey[scala.collection.Seq[sbt.UpdateReport]]("transitiveUpdate") in Scope(Build: file:/home/test/Desktop/AkkaKafkaEg/, , Project: ProjectReference(file:/home/test/Desktop/AkkaKafkaEg/,akkakafkaeg))),true,None)
Sending msg to client activator-aeef3a76-7206-4e8e-997f-5e49fb9a0f64: TaskFinished(1,55,Some(AttributeKey[sbt.inc.IncOptions]("incOptions") in Scope(Build: file:/home/test/Desktop/AkkaKafkaEg/, , Project: ProjectReference(file:/home/test/Desktop/AkkaKafkaEg/,akkakafkaeg))),true,None)
Sending msg to client activator-aeef3a76-7206-4e8e-997f-5e49fb9a0f64: TaskFinished(1,76,Some(AttributeKey[scala.collection.Seq[java.io.File]]("managedSources") in Scope(Build: file:/home/test/Desktop/AkkaKafkaEg/, , Project: ProjectReference(file:/home/test/Desktop/AkkaKafkaEg/,akkakafkaeg), Config: compile)),true,None)
Sending msg to client activator-aeef3a76-7206-4e8e-997f-5e49fb9a0f64: TaskFinished(1,78,Some(AttributeKey[scala.collection.Seq[java.io.File]]("unmanagedSources") in Scope(Build: file:/home/test/Desktop/AkkaKafkaEg/, , Project: ProjectReference(file:/home/test/Desktop/AkkaKafkaEg/,akkakafkaeg), Config: compile)),true,None)
Sending msg to client activator-aeef3a76-7206-4e8e-997f-5e49fb9a0f64: TaskStarted(1,75,Some(AttributeKey[scala.collection.Seq[java.io.File]]("sources") in Scope(Build: file:/home/test/Desktop/AkkaKafkaEg/, , Project: ProjectReference(file:/home/test/Desktop/AkkaKafkaEg/,akkakafkaeg), Config: compile)))
Sending msg to client activator-aeef3a76-7206-4e8e-997f-5e49fb9a0f64: TaskFinished(1,15,Some(AttributeKey[sbt.Settings[sbt.Scope]]("settingsData") in Scope(Global)),true,None)
Sending msg to client activator-aeef3a76-7206-4e8e-997f-5e49fb9a0f64: TaskStarted(1,13,Some(AttributeKey[sbt.ScalaInstance]("scalaInstance") in Scope(Build: file:/home/test/Desktop/AkkaKafkaEg/, , Project: ProjectReference(file:/home/test/Desktop/AkkaKafkaEg/,akkakafkaeg))))
Sending msg to client activator-aeef3a76-7206-4e8e-997f-5e49fb9a0f64: TaskStarted(1,29,Some(AttributeKey[scala.collection.Seq[sbt.ModuleID]]("projectDependencies") in Scope(Build: file:/home/test/Desktop/AkkaKafkaEg/, , Project: ProjectReference(file:/home/test/Desktop/AkkaKafkaEg/,akkakafkaeg))))
Sending msg to client activator-aeef3a76-7206-4e8e-997f-5e49fb9a0f64: TaskStarted(1,37,Some(AttributeKey[scala.collection.immutable.Map[org.apache.ivy.core.module.id.ModuleRevisionId,org.apache.ivy.core.module.descriptor.ModuleDescriptor]]("projectDescriptors") in Scope(Build: file:/home/test/Desktop/AkkaKafkaEg/, , Project: ProjectReference(file:/home/test/Desktop/AkkaKafkaEg/,akkakafkaeg))))
Sending msg to client activator-aeef3a76-7206-4e8e-997f-5e49fb9a0f64: TaskStarted(1,41,None)
Sending msg to client activator-aeef3a76-7206-4e8e-997f-5e49fb9a0f64: TaskStarted(1,50,None)
Sending msg to client activator-aeef3a76-7206-4e8e-997f-5e49fb9a0f64: TaskStarted(1,69,None)
Sending msg to client activator-aeef3a76-7206-4e8e-997f-5e49fb9a0f64: TaskFinished(1,75,Some(AttributeKey[scala.collection.Seq[java.io.File]]("sources") in Scope(Build: file:/home/test/Desktop/AkkaKafkaEg/, , Project: ProjectReference(file:/home/test/Desktop/AkkaKafkaEg/,akkakafkaeg), Config: compile)),true,None)
Sending msg to client activator-aeef3a76-7206-4e8e-997f-5e49fb9a0f64: TaskFinished(1,29,Some(AttributeKey[scala.collection.Seq[sbt.ModuleID]]("projectDependencies") in Scope(Build: file:/home/test/Desktop/AkkaKafkaEg/, , Project: ProjectReference(file:/home/test/Desktop/AkkaKafkaEg/,akkakafkaeg))),true,None)
Sending msg to client activator-aeef3a76-7206-4e8e-997f-5e49fb9a0f64: TaskStarted(1,28,Some(AttributeKey[scala.collection.Seq[sbt.ModuleID]]("allDependencies") in Scope(Build: file:/home/test/Desktop/AkkaKafkaEg/, , Project: ProjectReference(file:/home/test/Desktop/AkkaKafkaEg/,akkakafkaeg))))
Sending msg to client activator-aeef3a76-7206-4e8e-997f-5e49fb9a0f64: TaskStarted(1,87,None)
Sending msg to client activator-aeef3a76-7206-4e8e-997f-5e49fb9a0f64: TaskStarted(1,89,None)
Sending msg to client activator-aeef3a76-7206-4e8e-997f-5e49fb9a0f64: TaskStarted(1,94,None)
Sending msg to client activator-aeef3a76-7206-4e8e-997f-5e49fb9a0f64: TaskStarted(1,95,None)
Sending msg to client activator-aeef3a76-7206-4e8e-997f-5e49fb9a0f64: TaskStarted(1,97,None)
Sending msg to client activator-aeef3a76-7206-4e8e-997f-5e49fb9a0f64: TaskStarted(1,99,None)
Sending msg to client activator-aeef3a76-7206-4e8e-997f-5e49fb9a0f64: TaskFinished(1,28,Some(AttributeKey[scala.collection.Seq[sbt.ModuleID]]("allDependencies") in Scope(Build: file:/home/test/Desktop/AkkaKafkaEg/, , Project: ProjectReference(file:/home/test/Desktop/AkkaKafkaEg/,akkakafkaeg))),true,None)
Sending msg to client activator-aeef3a76-7206-4e8e-997f-5e49fb9a0f64: TaskStarted(1,27,Some(AttributeKey[sbt.ModuleSettings]("moduleSettings") in Scope(Build: file:/home/test/Desktop/AkkaKafkaEg/, , Project: ProjectReference(file:/home/test/Desktop/AkkaKafkaEg/,akkakafkaeg))))
Sending msg to client activator-aeef3a76-7206-4e8e-997f-5e49fb9a0f64: TaskFinished(1,87,None,true,None)
Sending msg to client activator-aeef3a76-7206-4e8e-997f-5e49fb9a0f64: TaskFinished(1,41,None,true,None)
Sending msg to client activator-aeef3a76-7206-4e8e-997f-5e49fb9a0f64: TaskFinished(1,89,None,true,None)
Sending msg to client activator-aeef3a76-7206-4e8e-997f-5e49fb9a0f64: TaskStarted(1,88,None)
Sending msg to client activator-aeef3a76-7206-4e8e-997f-5e49fb9a0f64: TaskFinished(1,94,None,true,None)
Sending msg to client activator-aeef3a76-7206-4e8e-997f-5e49fb9a0f64: TaskFinished(1,95,None,true,None)
Sending msg to client activator-aeef3a76-7206-4e8e-997f-5e49fb9a0f64: TaskStarted(1,93,Some(AttributeKey[scala.collection.Seq[sbt.Attributed[java.io.File]]]("unmanagedJars") in Scope(Build: file:/home/test/Desktop/AkkaKafkaEg/, , Project: ProjectReference(file:/home/test/Desktop/AkkaKafkaEg/,akkakafkaeg), Config: compile)))
Sending msg to client activator-aeef3a76-7206-4e8e-997f-5e49fb9a0f64: TaskFinished(1,97,None,true,None)
Sending msg to client activator-aeef3a76-7206-4e8e-997f-5e49fb9a0f64: TaskStarted(1,96,None)
Sending msg to client activator-aeef3a76-7206-4e8e-997f-5e49fb9a0f64: TaskFinished(1,99,None,true,None)
Sending msg to client activator-aeef3a76-7206-4e8e-997f-5e49fb9a0f64: TaskStarted(1,98,None)
Sending msg to client activator-aeef3a76-7206-4e8e-997f-5e49fb9a0f64: TaskFinished(1,45,Some(AttributeKey[scala.collection.immutable.Map[sbt.ModuleID,sbt.SourcePosition]]("dependencyPositions") in Scope(Build: file:/home/test/Desktop/AkkaKafkaEg/, , Project: ProjectReference(file:/home/test/Desktop/AkkaKafkaEg/,akkakafkaeg))),true,None)
Sending msg to client activator-aeef3a76-7206-4e8e-997f-5e49fb9a0f64: TaskStarted(1,44,Some(AttributeKey[sbt.UnresolvedWarningConfiguration]("unresolvedWarningConfiguration") in Scope(Build: file:/home/test/Desktop/AkkaKafkaEg/, , Project: ProjectReference(file:/home/test/Desktop/AkkaKafkaEg/,akkakafkaeg), Task: AttributeKey[sbt.UpdateReport]("update"))))
Sending msg to client activator-aeef3a76-7206-4e8e-997f-5e49fb9a0f64: TaskFinished(1,27,Some(AttributeKey[sbt.ModuleSettings]("moduleSettings") in Scope(Build: file:/home/test/Desktop/AkkaKafkaEg/, , Project: ProjectReference(file:/home/test/Desktop/AkkaKafkaEg/,akkakafkaeg))),true,None)
Sending msg to client activator-aeef3a76-7206-4e8e-997f-5e49fb9a0f64: TaskFinished(1,88,None,true,None)
Sending msg to client activator-aeef3a76-7206-4e8e-997f-5e49fb9a0f64: TaskFinished(1,50,None,true,None)
Sending msg to client activator-aeef3a76-7206-4e8e-997f-5e49fb9a0f64: TaskStarted(1,100,None)
Sending msg to client activator-aeef3a76-7206-4e8e-997f-5e49fb9a0f64: TaskFinished(1,44,Some(AttributeKey[sbt.UnresolvedWarningConfiguration]("unresolvedWarningConfiguration") in Scope(Build: file:/home/test/Desktop/AkkaKafkaEg/, , Project: ProjectReference(file:/home/test/Desktop/AkkaKafkaEg/,akkakafkaeg), Task: AttributeKey[sbt.UpdateReport]("update"))),true,None)
Sending msg to client activator-aeef3a76-7206-4e8e-997f-5e49fb9a0f64: TaskFinished(1,98,None,true,None)
Sending msg to client activator-aeef3a76-7206-4e8e-997f-5e49fb9a0f64: TaskFinished(1,37,Some(AttributeKey[scala.collection.immutable.Map[org.apache.ivy.core.module.id.ModuleRevisionId,org.apache.ivy.core.module.descriptor.ModuleDescriptor]]("projectDescriptors") in Scope(Build: file:/home/test/Desktop/AkkaKafkaEg/, , Project: ProjectReference(file:/home/test/Desktop/AkkaKafkaEg/,akkakafkaeg))),true,None)
Sending msg to client activator-aeef3a76-7206-4e8e-997f-5e49fb9a0f64: TaskStarted(1,36,Some(AttributeKey[sbt.Resolver]("projectResolver") in Scope(Build: file:/home/test/Desktop/AkkaKafkaEg/, , Project: ProjectReference(file:/home/test/Desktop/AkkaKafkaEg/,akkakafkaeg))))
Sending msg to client activator-aeef3a76-7206-4e8e-997f-5e49fb9a0f64: TaskFinished(1,100,None,true,None)
Sending msg to client activator-aeef3a76-7206-4e8e-997f-5e49fb9a0f64: TaskFinished(1,96,None,true,None)
Sending msg to client activator-aeef3a76-7206-4e8e-997f-5e49fb9a0f64: TaskFinished(1,36,Some(AttributeKey[sbt.Resolver]("projectResolver") in Scope(Build: file:/home/test/Desktop/AkkaKafkaEg/, , Project: ProjectReference(file:/home/test/Desktop/AkkaKafkaEg/,akkakafkaeg))),true,None)
Sending msg to client activator-aeef3a76-7206-4e8e-997f-5e49fb9a0f64: TaskStarted(1,34,Some(AttributeKey[scala.collection.Seq[sbt.Resolver]]("fullResolvers") in Scope(Build: file:/home/test/Desktop/AkkaKafkaEg/, , Project: ProjectReference(file:/home/test/Desktop/AkkaKafkaEg/,akkakafkaeg))))
Sending msg to client activator-aeef3a76-7206-4e8e-997f-5e49fb9a0f64: TaskFinished(1,34,Some(AttributeKey[scala.collection.Seq[sbt.Resolver]]("fullResolvers") in Scope(Build: file:/home/test/Desktop/AkkaKafkaEg/, , Project: ProjectReference(file:/home/test/Desktop/AkkaKafkaEg/,akkakafkaeg))),true,None)
Sending msg to client activator-aeef3a76-7206-4e8e-997f-5e49fb9a0f64: TaskStarted(1,32,Some(AttributeKey[sbt.IvyConfiguration]("ivyConfiguration") in Scope(Build: file:/home/test/Desktop/AkkaKafkaEg/, , Project: ProjectReference(file:/home/test/Desktop/AkkaKafkaEg/,akkakafkaeg))))
Sending msg to client activator-aeef3a76-7206-4e8e-997f-5e49fb9a0f64: TaskFinished(1,93,Some(AttributeKey[scala.collection.Seq[sbt.Attributed[java.io.File]]]("unmanagedJars") in Scope(Build: file:/home/test/Desktop/AkkaKafkaEg/, , Project: ProjectReference(file:/home/test/Desktop/AkkaKafkaEg/,akkakafkaeg), Config: compile)),true,None)
Sending msg to client activator-aeef3a76-7206-4e8e-997f-5e49fb9a0f64: TaskStarted(1,92,Some(AttributeKey[scala.collection.Seq[sbt.Attributed[java.io.File]]]("unmanagedJars") in Scope(Build: file:/home/test/Desktop/AkkaKafkaEg/, , Project: ProjectReference(file:/home/test/Desktop/AkkaKafkaEg/,akkakafkaeg), Config: compile)))
Sending msg to client activator-aeef3a76-7206-4e8e-997f-5e49fb9a0f64: TaskFinished(1,92,Some(AttributeKey[scala.collection.Seq[sbt.Attributed[java.io.File]]]("unmanagedJars") in Scope(Build: file:/home/test/Desktop/AkkaKafkaEg/, , Project: ProjectReference(file:/home/test/Desktop/AkkaKafkaEg/,akkakafkaeg), Config: compile)),true,None)
Sending msg to client activator-aeef3a76-7206-4e8e-997f-5e49fb9a0f64: TaskStarted(1,91,None)
Sending msg to client activator-aeef3a76-7206-4e8e-997f-5e49fb9a0f64: TaskFinished(1,91,None,true,None)
Sending msg to client activator-aeef3a76-7206-4e8e-997f-5e49fb9a0f64: TaskStarted(1,90,None)
Sending msg to client activator-aeef3a76-7206-4e8e-997f-5e49fb9a0f64: TaskFinished(1,90,None,true,None)
Sending msg to client activator-aeef3a76-7206-4e8e-997f-5e49fb9a0f64: TaskFinished(1,69,None,true,None)
Sending msg to client activator-aeef3a76-7206-4e8e-997f-5e49fb9a0f64: TaskStarted(1,68,Some(AttributeKey[scala.collection.Seq[sbt.Attributed[java.io.File]]]("unmanagedClasspath") in Scope(Build: file:/home/test/Desktop/AkkaKafkaEg/, , Project: ProjectReference(file:/home/test/Desktop/AkkaKafkaEg/,akkakafkaeg), Config: compile)))
Sending msg to client activator-aeef3a76-7206-4e8e-997f-5e49fb9a0f64: TaskFinished(1,32,Some(AttributeKey[sbt.IvyConfiguration]("ivyConfiguration") in Scope(Build: file:/home/test/Desktop/AkkaKafkaEg/, , Project: ProjectReference(file:/home/test/Desktop/AkkaKafkaEg/,akkakafkaeg))),true,None)
Sending msg to client activator-aeef3a76-7206-4e8e-997f-5e49fb9a0f64: TaskStarted(1,30,Some(AttributeKey[sbt.IvySbt]("ivySbt") in Scope(Build: file:/home/test/Desktop/AkkaKafkaEg/, , Project: ProjectReference(file:/home/test/Desktop/AkkaKafkaEg/,akkakafkaeg))))
Sending msg to client activator-aeef3a76-7206-4e8e-997f-5e49fb9a0f64: TaskFinished(1,68,Some(AttributeKey[scala.collection.Seq[sbt.Attributed[java.io.File]]]("unmanagedClasspath") in Scope(Build: file:/home/test/Desktop/AkkaKafkaEg/, , Project: ProjectReference(file:/home/test/Desktop/AkkaKafkaEg/,akkakafkaeg), Config: compile)),true,None)
Sending msg to client activator-aeef3a76-7206-4e8e-997f-5e49fb9a0f64: TaskFinished(1,30,Some(AttributeKey[sbt.IvySbt]("ivySbt") in Scope(Build: file:/home/test/Desktop/AkkaKafkaEg/, , Project: ProjectReference(file:/home/test/Desktop/AkkaKafkaEg/,akkakafkaeg))),true,None)
Sending msg to client activator-aeef3a76-7206-4e8e-997f-5e49fb9a0f64: TaskStarted(1,26,Some(AttributeKey[sbt.IvySbt$Module]("ivyModule") in Scope(Build: file:/home/test/Desktop/AkkaKafkaEg/, , Project: ProjectReference(file:/home/test/Desktop/AkkaKafkaEg/,akkakafkaeg))))
Sending msg to client activator-aeef3a76-7206-4e8e-997f-5e49fb9a0f64: TaskFinished(1,26,Some(AttributeKey[sbt.IvySbt$Module]("ivyModule") in Scope(Build: file:/home/test/Desktop/AkkaKafkaEg/, , Project: ProjectReference(file:/home/test/Desktop/AkkaKafkaEg/,akkakafkaeg))),true,None)
Sending msg to client activator-aeef3a76-7206-4e8e-997f-5e49fb9a0f64: TaskStarted(1,20,Some(AttributeKey[sbt.UpdateReport]("update") in Scope(Build: file:/home/test/Desktop/AkkaKafkaEg/, , Project: ProjectReference(file:/home/test/Desktop/AkkaKafkaEg/,akkakafkaeg))))
Got request: UnlistenToEvents()
Reading next message from client.
Sending msg to client activator-aeef3a76-7206-4e8e-997f-5e49fb9a0f64: (14,ReceivedResponse())
Got request: UnlistenToValue(AttributeKey[scala.collection.Seq[java.lang.String]]("discoveredMainClasses") in Scope(Build: file:/home/test/Desktop/AkkaKafkaEg/, , Project: ProjectReference(file:/home/test/Desktop/AkkaKafkaEg/,akkakafkaeg), Config: compile))
Reading next message from client.
Sending msg to client activator-aeef3a76-7206-4e8e-997f-5e49fb9a0f64: (15,ReceivedResponse())
Got request: UnlistenToValue(AttributeKey[scala.Option[java.lang.String]]("mainClass") in Scope(Build: file:/home/test/Desktop/AkkaKafkaEg/, , Project: ProjectReference(file:/home/test/Desktop/AkkaKafkaEg/,akkakafkaeg), Config: compile))
Reading next message from client.
Sending msg to client activator-aeef3a76-7206-4e8e-997f-5e49fb9a0f64: (16,ReceivedResponse())
Got request: UnlistenToBuildChange()
Reading next message from client.
Sending msg to client activator-aeef3a76-7206-4e8e-997f-5e49fb9a0f64: (17,ReceivedResponse())
Client activator-aeef3a76-7206-4e8e-997f-5e49fb9a0f64 closed, java.net.SocketException: Connection reset, shutting down
Stopping client.
Dropping message (17,ReceivedResponse()) because client activator-aeef3a76-7206-4e8e-997f-5e49fb9a0f64 of an exception serializing and sending: java.net.SocketException: Broken pipe (Write failed)
stack trace sending message was 
java.net.SocketException: Broken pipe (Write failed)
	at java.net.SocketOutputStream.socketWrite0(Native Method)
	at java.net.SocketOutputStream.socketWrite(SocketOutputStream.java:111)
	at java.net.SocketOutputStream.write(SocketOutputStream.java:155)
	at java.io.BufferedOutputStream.flushBuffer(BufferedOutputStream.java:82)
	at java.io.BufferedOutputStream.flush(BufferedOutputStream.java:140)
	at java.io.DataOutputStream.flush(DataOutputStream.java:123)
	at sbt.impl.ipc.Peer.send(IPC.scala:79)
	at sbt.impl.ipc.Peer.reply(IPC.scala:88)
	at sbt.impl.ipc.Peer.replyString(IPC.scala:111)
	at sbt.impl.ipc.Peer.replyJson(IPC.scala:124)
	at sbt.server.SbtClientHandler$$anonfun$reply$1.apply$mcV$sp(SbtClientHandler.scala:132)
	at sbt.server.SbtClientHandler.wrappedSend(SbtClientHandler.scala:113)
	at sbt.server.SbtClientHandler.reply(SbtClientHandler.scala:132)
	at sbt.server.RequestProcessor.sbt$server$RequestProcessor$$handleRequestsWithBuildState(RequestProcessor.scala:405)
	at sbt.server.RequestProcessor.run(RequestProcessor.scala:324)
Dropping message (0,ReceivedResponse()) to dead client activator-aeef3a76-7206-4e8e-997f-5e49fb9a0f64
Client activator-aeef3a76-7206-4e8e-997f-5e49fb9a0f64 thread exiting.
Dropping message ValueChanged(AttributeKey[scala.collection.Seq[java.lang.String]]("discoveredMainClasses") in Scope(Build: file:/home/test/Desktop/AkkaKafkaEg/, , Project: ProjectReference(file:/home/test/Desktop/AkkaKafkaEg/,akkakafkaeg), Config: compile),TaskSuccess(BuildValue(LazyValue(List(com.example.ApplicationMain),scala.pickling.PicklerUnpickler$DelegatingPicklerUnpickler@14ba9ecd),List(com.example.ApplicationMain)))) to dead client activator-aeef3a76-7206-4e8e-997f-5e49fb9a0f64
Dropping message BuildStructureChanged(MinimalBuildStructure(Vector(file:/home/test/Desktop/AkkaKafkaEg/),Vector(BuildData(file:/home/test/Desktop/AkkaKafkaEg/,Vector(/home/test/Desktop/AkkaKafkaEg/project/target/scala-2.10/sbt-0.13/classes, /home/test/.ivy2/cache/scala_2.10/sbt_0.13/com.github.mpeltonen/sbt-idea/jars/sbt-idea-1.6.0.jar, /home/test/.ivy2/cache/commons-io/commons-io/jars/commons-io-2.0.1.jar, /home/test/.ivy2/cache/scala_2.10/sbt_0.13/org.scala-sbt/sbt-core-next/jars/sbt-core-next-0.1.1.jar, /home/test/.ivy2/cache/org.scala-sbt/core-next_2.10/jars/core-next_2.10-0.1.1.jar, /home/test/.sbt/boot/scala-2.10.4/lib/scala-library.jar, /home/test/.ivy2/cache/org.scala-sbt/serialization_2.10/jars/serialization_2.10-0.1.0.jar, /home/test/.ivy2/cache/org.scala-lang.modules/scala-pickling_2.10/jars/scala-pickling_2.10-0.10.0.jar, /home/test/.sbt/boot/scala-2.10.4/lib/scala-compiler.jar, /home/test/.sbt/boot/scala-2.10.4/lib/scala-reflect.jar, /home/test/.ivy2/cache/org.scalamacros/quasiquotes_2.10/jars/quasiquotes_2.10-2.0.1.jar, /home/test/.ivy2/cache/org.json4s/json4s-core_2.10/jars/json4s-core_2.10-3.2.10.jar, /home/test/.ivy2/cache/org.json4s/json4s-ast_2.10/jars/json4s-ast_2.10-3.2.10.jar, /home/test/.ivy2/cache/com.thoughtworks.paranamer/paranamer/jars/paranamer-2.6.jar, /home/test/.ivy2/cache/org.spire-math/jawn-parser_2.10/jars/jawn-parser_2.10-0.6.0.jar, /home/test/.ivy2/cache/org.spire-math/json4s-support_2.10/jars/json4s-support_2.10-0.6.0.jar, /home/test/.sbt/boot/scala-2.10.4/com.typesafe.sbtrc/server-0-13/0.3.5/cache-0.13.8.jar, /home/test/.sbt/boot/scala-2.10.4/com.typesafe.sbtrc/server-0-13/0.3.5/api-0.13.8.jar, /home/test/.sbt/boot/scala-2.10.4/com.typesafe.sbtrc/server-0-13/0.3.5/scala-reflect-2.10.4.jar, /home/test/.sbt/boot/scala-2.10.4/com.typesafe.sbtrc/server-0-13/0.3.5/tracking-0.13.8.jar, /home/test/.sbt/boot/scala-2.10.4/com.typesafe.sbtrc/server-0-13/0.3.5/process-0.13.8.jar, /home/test/.sbt/boot/scala-2.10.4/com.typesafe.sbtrc/server-0-13/0.3.5/json4s-support_2.10-0.6.0.jar, /home/test/.sbt/boot/scala-2.10.4/com.typesafe.sbtrc/server-0-13/0.3.5/testing-0.13.8.jar, /home/test/.sbt/boot/scala-2.10.4/com.typesafe.sbtrc/server-0-13/0.3.5/paranamer-2.6.jar, /home/test/.sbt/boot/scala-2.10.4/com.typesafe.sbtrc/server-0-13/0.3.5/tasks-0.13.8.jar, /home/test/.sbt/boot/scala-2.10.4/com.typesafe.sbtrc/server-0-13/0.3.5/incremental-compiler-0.13.8.jar, /home/test/.sbt/boot/scala-2.10.4/com.typesafe.sbtrc/server-0-13/0.3.5/logging-0.13.8.jar, /home/test/.sbt/boot/scala-2.10.4/com.typesafe.sbtrc/server-0-13/0.3.5/completion-0.13.8.jar, /home/test/.sbt/boot/scala-2.10.4/com.typesafe.sbtrc/server-0-13/0.3.5/test-interface-1.0.jar, /home/test/.sbt/boot/scala-2.10.4/com.typesafe.sbtrc/server-0-13/0.3.5/persist-0.13.8.jar, /home/test/.sbt/boot/scala-2.10.4/com.typesafe.sbtrc/server-0-13/0.3.5/compiler-ivy-integration-0.13.8.jar, /home/test/.sbt/boot/scala-2.10.4/com.typesafe.sbtrc/server-0-13/0.3.5/core-next_2.10-0.1.1.jar, /home/test/.sbt/boot/scala-2.10.4/com.typesafe.sbtrc/server-0-13/0.3.5/quasiquotes_2.10-2.0.1.jar, /home/test/.sbt/boot/scala-2.10.4/com.typesafe.sbtrc/server-0-13/0.3.5/sbt-0.13.8.jar, /home/test/.sbt/boot/scala-2.10.4/com.typesafe.sbtrc/server-0-13/0.3.5/launcher-interface-0.13.8.jar, /home/test/.sbt/boot/scala-2.10.4/com.typesafe.sbtrc/server-0-13/0.3.5/task-system-0.13.8.jar, /home/test/.sbt/boot/scala-2.10.4/com.typesafe.sbtrc/server-0-13/0.3.5/relation-0.13.8.jar, /home/test/.sbt/boot/scala-2.10.4/com.typesafe.sbtrc/server-0-13/0.3.5/serialization_2.10-0.1.1.jar, /home/test/.sbt/boot/scala-2.10.4/com.typesafe.sbtrc/server-0-13/0.3.5/run-0.13.8.jar, /home/test/.sbt/boot/scala-2.10.4/com.typesafe.sbtrc/server-0-13/0.3.5/io-0.13.8.jar, /home/test/.sbt/boot/scala-2.10.4/com.typesafe.sbtrc/server-0-13/0.3.5/ivy-2.3.0-sbt-fccfbd44c9f64523b61398a0155784dcbaeae28f.jar, /home/test/.sbt/boot/scala-2.10.4/com.typesafe.sbtrc/server-0-13/0.3.5/jsch-0.1.46.jar, /home/test/.sbt/boot/scala-2.10.4/com.typesafe.sbtrc/server-0-13/0.3.5/classfile-0.13.8.jar, /home/test/.sbt/boot/scala-2.10.4/com.typesafe.sbtrc/server-0-13/0.3.5/apply-macro-0.13.8.jar, /home/test/.sbt/boot/scala-2.10.4/com.typesafe.sbtrc/server-0-13/0.3.5/ivy-0.13.8.jar, /home/test/.sbt/boot/scala-2.10.4/com.typesafe.sbtrc/server-0-13/0.3.5/sbinary_2.10-0.4.2.jar, /home/test/.sbt/boot/scala-2.10.4/com.typesafe.sbtrc/server-0-13/0.3.5/command-0.13.8.jar, /home/test/.sbt/boot/scala-2.10.4/com.typesafe.sbtrc/server-0-13/0.3.5/server-0-13-0.3.5.jar, /home/test/.sbt/boot/scala-2.10.4/com.typesafe.sbtrc/server-0-13/0.3.5/cross-0.13.8.jar, /home/test/.sbt/boot/scala-2.10.4/com.typesafe.sbtrc/server-0-13/0.3.5/jawn-parser_2.10-0.6.0.jar, /home/test/.sbt/boot/scala-2.10.4/com.typesafe.sbtrc/server-0-13/0.3.5/jline-2.11.jar, /home/test/.sbt/boot/scala-2.10.4/com.typesafe.sbtrc/server-0-13/0.3.5/compile-0.13.8.jar, /home/test/.sbt/boot/scala-2.10.4/com.typesafe.sbtrc/server-0-13/0.3.5/main-settings-0.13.8.jar, /home/test/.sbt/boot/scala-2.10.4/com.typesafe.sbtrc/server-0-13/0.3.5/logic-0.13.8.jar, /home/test/.sbt/boot/scala-2.10.4/com.typesafe.sbtrc/server-0-13/0.3.5/compiler-integration-0.13.8.jar, /home/test/.sbt/boot/scala-2.10.4/com.typesafe.sbtrc/server-0-13/0.3.5/classpath-0.13.8.jar, /home/test/.sbt/boot/scala-2.10.4/com.typesafe.sbtrc/server-0-13/0.3.5/actions-0.13.8.jar, /home/test/.sbt/boot/scala-2.10.4/com.typesafe.sbtrc/server-0-13/0.3.5/collections-0.13.8.jar, /home/test/.sbt/boot/scala-2.10.4/com.typesafe.sbtrc/server-0-13/0.3.5/json4s-ast_2.10-3.2.10.jar, /home/test/.sbt/boot/scala-2.10.4/com.typesafe.sbtrc/server-0-13/0.3.5/scala-pickling_2.10-0.10.0.jar, /home/test/.sbt/boot/scala-2.10.4/com.typesafe.sbtrc/server-0-13/0.3.5/test-agent-0.13.8.jar, /home/test/.sbt/boot/scala-2.10.4/com.typesafe.sbtrc/server-0-13/0.3.5/main-0.13.8.jar, /home/test/.sbt/boot/scala-2.10.4/com.typesafe.sbtrc/server-0-13/0.3.5/json4s-core_2.10-3.2.10.jar, /home/test/.sbt/boot/scala-2.10.4/com.typesafe.sbtrc/server-0-13/0.3.5/control-0.13.8.jar, /home/test/.sbt/boot/scala-2.10.4/com.typesafe.sbtrc/server-0-13/0.3.5/xsbti/interface-0.13.8.jar, /home/test/.sbt/boot/scala-2.10.4/lib/jansi.jar, /home/test/.sbt/boot/scala-2.10.4/lib/jline.jar),Vector(import sbt._, Keys._, dsl._, import _root_.org.sbtidea.SbtIdeaPlugin._, import _root_.sbt.plugins.IvyPlugin, _root_.sbt.plugins.JvmPlugin, _root_.sbt.plugins.CorePlugin, _root_.sbt.plugins.JUnitXmlReportPlugin, _root_.sbt.plugins.BackgroundRunPlugin, _root_.sbt.plugins.InteractionServicePlugin, _root_.sbt.plugins.SendEventServicePlugin, _root_.sbt.plugins.SerializersPlugin))),Vector(MinimalProjectStructure(ProjectReference(file:/home/test/Desktop/AkkaKafkaEg/,akkakafkaeg),Vector(sbt.plugins.CorePlugin, sbt.plugins.SerializersPlugin, sbt.plugins.SendEventServicePlugin, sbt.plugins.InteractionServicePlugin, sbt.plugins.IvyPlugin, sbt.plugins.JvmPlugin, sbt.plugins.BackgroundRunPlugin, sbt.plugins.JUnitXmlReportPlugin),Some(ProjectDependencies(List(),List())))))) to dead client activator-aeef3a76-7206-4e8e-997f-5e49fb9a0f64
